<?xml version="1.0" encoding="UTF-8"?>
<!-- Generated by org.testng.reporters.JUnitReportReporter -->
<testsuite skipped="0" hostname="DESKTOP-UA3PNDR" name="jenkinsDemo1.JenkinsDemo1Test" tests="1" failures="0" timestamp="01 Jul 2020 03:27:15 GMT" time="43.709" errors="0">
  <testcase name="search" time="43.709" classname="jenkinsDemo1.JenkinsDemo1Test"/>
</testsuite> <!-- jenkinsDemo1.JenkinsDemo1Test -->
