<?xml version="1.0" encoding="UTF-8"?>
<!-- Generated by org.testng.reporters.JUnitReportReporter -->
<testsuite hostname="DESKTOP-UA3PNDR" failures="0" tests="1" name="jenkinsDemo1.JenkinsDemo1Test" time="9.895" errors="0" timestamp="14 Oct 2019 14:18:59 GMT" skipped="0">
  <testcase classname="jenkinsDemo1.JenkinsDemo1Test" name="search" time="9.895"/>
</testsuite> <!-- jenkinsDemo1.JenkinsDemo1Test -->
